2021-05-03 13:14:20.220  INFO 3109 --- [main] c.a.integration.BookingValidationIT      : Starting BookingValidationIT using Java 15.0.1 on 192.168.1.104 with PID 3109 (started by ashmodi in /Users/ashmodi/Documents/workspace/restful-booker-platform/booking)
2021-05-03 13:14:20.221  INFO 3109 --- [main] c.a.integration.BookingValidationIT      : The following profiles are active: dev
2021-05-03 13:14:21.381  INFO 3109 --- [main] .s.d.r.c.RepositoryConfigurationDelegate : Bootstrapping Spring Data JPA repositories in DEFAULT mode.
2021-05-03 13:14:21.393  INFO 3109 --- [main] .s.d.r.c.RepositoryConfigurationDelegate : Finished Spring Data repository scanning in 4 ms. Found 0 JPA repository interfaces.
2021-05-03 13:14:22.066  INFO 3109 --- [main] o.s.b.w.embedded.tomcat.TomcatWebServer  : Tomcat initialized with port(s): 3000 (http)
2021-05-03 13:14:22.079  INFO 3109 --- [main] o.apache.catalina.core.StandardService   : Starting service [Tomcat]
2021-05-03 13:14:22.080  INFO 3109 --- [main] org.apache.catalina.core.StandardEngine  : Starting Servlet engine: [Apache Tomcat/9.0.45]
2021-05-03 13:14:22.195  INFO 3109 --- [main] o.a.c.c.C.[.[localhost].[/booking]       : Initializing Spring embedded WebApplicationContext
2021-05-03 13:14:22.196  INFO 3109 --- [main] w.s.c.ServletWebServerApplicationContext : Root WebApplicationContext: initialization completed in 1769 ms
2021-05-03 13:14:22.430  INFO 3109 --- [main] com.zaxxer.hikari.HikariDataSource       : HikariPool-1 - Starting...
2021-05-03 13:14:22.586  INFO 3109 --- [main] com.zaxxer.hikari.HikariDataSource       : HikariPool-1 - Start completed.
2021-05-03 13:14:22.592  INFO 3109 --- [main] o.s.b.a.h2.H2ConsoleAutoConfiguration    : H2 console available at '/h2'. Database available at 'jdbc:h2:mem:rbp'
2021-05-03 13:14:22.817  INFO 3109 --- [main] o.hibernate.jpa.internal.util.LogHelper  : HHH000204: Processing PersistenceUnitInfo [name: default]
2021-05-03 13:14:22.857  INFO 3109 --- [main] org.hibernate.Version                    : HHH000412: Hibernate ORM core version 5.4.30.Final
2021-05-03 13:14:22.965  INFO 3109 --- [main] o.hibernate.annotations.common.Version   : HCANN000001: Hibernate Commons Annotations {5.1.2.Final}
2021-05-03 13:14:23.072  INFO 3109 --- [main] org.hibernate.dialect.Dialect            : HHH000400: Using dialect: org.hibernate.dialect.H2Dialect
2021-05-03 13:14:23.260  INFO 3109 --- [main] o.h.e.t.j.p.i.JtaPlatformInitiator       : HHH000490: Using JtaPlatform implementation: [org.hibernate.engine.transaction.jta.platform.internal.NoJtaPlatform]
2021-05-03 13:14:23.270  INFO 3109 --- [main] j.LocalContainerEntityManagerFactoryBean : Initialized JPA EntityManagerFactory for persistence unit 'default'
2021-05-03 13:14:23.298  INFO 3109 --- [main] com.automationintesting.db.BookingDB     : DB server mode disabled
2021-05-03 13:14:23.586  WARN 3109 --- [main] JpaBaseConfiguration$JpaWebConfiguration : spring.jpa.open-in-view is enabled by default. Therefore, database queries may be performed during view rendering. Explicitly configure spring.jpa.open-in-view to disable this warning
2021-05-03 13:14:23.801  INFO 3109 --- [main] o.s.b.a.e.web.EndpointLinksResolver      : Exposing 2 endpoint(s) beneath base path '/actuator'
2021-05-03 13:14:24.126  INFO 3109 --- [main] o.s.s.concurrent.ThreadPoolTaskExecutor  : Initializing ExecutorService 'applicationTaskExecutor'
2021-05-03 13:14:24.681  INFO 3109 --- [main] o.s.b.w.embedded.tomcat.TomcatWebServer  : Tomcat started on port(s): 3000 (http) with context path '/booking'
2021-05-03 13:14:24.953  INFO 3109 --- [main] c.a.integration.BookingValidationIT      : Started BookingValidationIT in 4.971 seconds (JVM running for 5.75)
2021-05-03 13:14:24.997  INFO 3109 --- [main] c.a.service.DatabaseScheduler            : No env var was set for DB refresh (or set as 0) so not running DB reset
2021-05-03 13:14:26.072  INFO 3109 --- [http-nio-3000-exec-1] o.a.c.c.C.[.[localhost].[/booking]       : Initializing Spring DispatcherServlet 'dispatcherServlet'
2021-05-03 13:14:26.072  INFO 3109 --- [http-nio-3000-exec-1] o.s.web.servlet.DispatcherServlet        : Initializing Servlet 'dispatcherServlet'
2021-05-03 13:14:26.074  INFO 3109 --- [http-nio-3000-exec-1] o.s.web.servlet.DispatcherServlet        : Completed initialization in 2 ms
2021-05-03 13:14:26.383  INFO 3109 --- [main] .b.t.c.SpringBootTestContextBootstrapper : Neither @ContextConfiguration nor @ContextHierarchy found for test class [com.automationintesting.integration.GetBookingIT], using SpringBootContextLoader
2021-05-03 13:14:26.384  INFO 3109 --- [main] o.s.t.c.support.AbstractContextLoader    : Could not detect default resource locations for test class [com.automationintesting.integration.GetBookingIT]: no resource found for suffixes {-context.xml, Context.groovy}.
2021-05-03 13:14:26.386  INFO 3109 --- [main] .b.t.c.SpringBootTestContextBootstrapper : Loaded default TestExecutionListener class names from location [META-INF/spring.factories]: [org.springframework.boot.test.mock.mockito.MockitoTestExecutionListener, org.springframework.boot.test.mock.mockito.ResetMocksTestExecutionListener, org.springframework.boot.test.autoconfigure.restdocs.RestDocsTestExecutionListener, org.springframework.boot.test.autoconfigure.web.client.MockRestServiceServerResetTestExecutionListener, org.springframework.boot.test.autoconfigure.web.servlet.MockMvcPrintOnlyOnFailureTestExecutionListener, org.springframework.boot.test.autoconfigure.web.servlet.WebDriverTestExecutionListener, org.springframework.boot.test.autoconfigure.webservices.client.MockWebServiceServerTestExecutionListener, org.springframework.test.context.web.ServletTestExecutionListener, org.springframework.test.context.support.DirtiesContextBeforeModesTestExecutionListener, org.springframework.test.context.event.ApplicationEventsTestExecutionListener, org.springframework.test.context.support.DependencyInjectionTestExecutionListener, org.springframework.test.context.support.DirtiesContextTestExecutionListener, org.springframework.test.context.transaction.TransactionalTestExecutionListener, org.springframework.test.context.jdbc.SqlScriptsTestExecutionListener, org.springframework.test.context.event.EventPublishingTestExecutionListener]
2021-05-03 13:14:26.386  INFO 3109 --- [main] .b.t.c.SpringBootTestContextBootstrapper : Using TestExecutionListeners: [org.springframework.test.context.web.ServletTestExecutionListener@12e4822b, org.springframework.test.context.support.DirtiesContextBeforeModesTestExecutionListener@281f2d6c, org.springframework.test.context.event.ApplicationEventsTestExecutionListener@64e6f678, org.springframework.boot.test.mock.mockito.MockitoTestExecutionListener@2c5157c9, org.springframework.boot.test.autoconfigure.SpringBootDependencyInjectionTestExecutionListener@1a927db2, org.springframework.test.context.support.DirtiesContextTestExecutionListener@4bb747c1, org.springframework.test.context.transaction.TransactionalTestExecutionListener@18b12df9, org.springframework.test.context.jdbc.SqlScriptsTestExecutionListener@3ef8de39, org.springframework.test.context.event.EventPublishingTestExecutionListener@370e5bb9, org.springframework.boot.test.mock.mockito.ResetMocksTestExecutionListener@46769bd6, org.springframework.boot.test.autoconfigure.restdocs.RestDocsTestExecutionListener@5739b804, org.springframework.boot.test.autoconfigure.web.client.MockRestServiceServerResetTestExecutionListener@2f48adcc, org.springframework.boot.test.autoconfigure.web.servlet.MockMvcPrintOnlyOnFailureTestExecutionListener@6adee80f, org.springframework.boot.test.autoconfigure.web.servlet.WebDriverTestExecutionListener@180466a9, org.springframework.boot.test.autoconfigure.webservices.client.MockWebServiceServerTestExecutionListener@2670435]
2021-05-03 13:14:26.442  INFO 3109 --- [main] .b.t.c.SpringBootTestContextBootstrapper : Neither @ContextConfiguration nor @ContextHierarchy found for test class [com.automationintesting.integration.BookingDateConflictIT], using SpringBootContextLoader
2021-05-03 13:14:26.443  INFO 3109 --- [main] o.s.t.c.support.AbstractContextLoader    : Could not detect default resource locations for test class [com.automationintesting.integration.BookingDateConflictIT]: no resource found for suffixes {-context.xml, Context.groovy}.
2021-05-03 13:14:26.446  INFO 3109 --- [main] .b.t.c.SpringBootTestContextBootstrapper : Loaded default TestExecutionListener class names from location [META-INF/spring.factories]: [org.springframework.boot.test.mock.mockito.MockitoTestExecutionListener, org.springframework.boot.test.mock.mockito.ResetMocksTestExecutionListener, org.springframework.boot.test.autoconfigure.restdocs.RestDocsTestExecutionListener, org.springframework.boot.test.autoconfigure.web.client.MockRestServiceServerResetTestExecutionListener, org.springframework.boot.test.autoconfigure.web.servlet.MockMvcPrintOnlyOnFailureTestExecutionListener, org.springframework.boot.test.autoconfigure.web.servlet.WebDriverTestExecutionListener, org.springframework.boot.test.autoconfigure.webservices.client.MockWebServiceServerTestExecutionListener, org.springframework.test.context.web.ServletTestExecutionListener, org.springframework.test.context.support.DirtiesContextBeforeModesTestExecutionListener, org.springframework.test.context.event.ApplicationEventsTestExecutionListener, org.springframework.test.context.support.DependencyInjectionTestExecutionListener, org.springframework.test.context.support.DirtiesContextTestExecutionListener, org.springframework.test.context.transaction.TransactionalTestExecutionListener, org.springframework.test.context.jdbc.SqlScriptsTestExecutionListener, org.springframework.test.context.event.EventPublishingTestExecutionListener]
2021-05-03 13:14:26.447  INFO 3109 --- [main] .b.t.c.SpringBootTestContextBootstrapper : Using TestExecutionListeners: [org.springframework.test.context.web.ServletTestExecutionListener@6135bb54, org.springframework.test.context.support.DirtiesContextBeforeModesTestExecutionListener@407339e5, org.springframework.test.context.event.ApplicationEventsTestExecutionListener@4b5dd040, org.springframework.boot.test.mock.mockito.MockitoTestExecutionListener@62e507c6, org.springframework.boot.test.autoconfigure.SpringBootDependencyInjectionTestExecutionListener@2e46ffd5, org.springframework.test.context.support.DirtiesContextTestExecutionListener@772357e9, org.springframework.test.context.transaction.TransactionalTestExecutionListener@5259469d, org.springframework.test.context.jdbc.SqlScriptsTestExecutionListener@18c8a027, org.springframework.test.context.event.EventPublishingTestExecutionListener@1694cbc, org.springframework.boot.test.mock.mockito.ResetMocksTestExecutionListener@6c18cf67, org.springframework.boot.test.autoconfigure.restdocs.RestDocsTestExecutionListener@74ed11d7, org.springframework.boot.test.autoconfigure.web.client.MockRestServiceServerResetTestExecutionListener@29794ef5, org.springframework.boot.test.autoconfigure.web.servlet.MockMvcPrintOnlyOnFailureTestExecutionListener@623eebca, org.springframework.boot.test.autoconfigure.web.servlet.WebDriverTestExecutionListener@4877731d, org.springframework.boot.test.autoconfigure.webservices.client.MockWebServiceServerTestExecutionListener@5408b06d]
2021-05-03 13:14:26.502 ERROR 3109 --- [http-nio-3000-exec-5] o.a.c.c.C.[.[.[.[dispatcherServlet]      : Servlet.service() for servlet [dispatcherServlet] in context with path [/booking] threw exception [Request processing failed; nested exception is org.springframework.web.client.ResourceAccessException: I/O error on POST request for "http://localhost:3006/message/": Connection refused; nested exception is java.net.ConnectException: Connection refused] with root cause

java.net.ConnectException: Connection refused
	at java.base/sun.nio.ch.Net.connect0(Native Method) ~[na:na]
	at java.base/sun.nio.ch.Net.connect(Net.java:574) ~[na:na]
	at java.base/sun.nio.ch.Net.connect(Net.java:563) ~[na:na]
	at java.base/sun.nio.ch.NioSocketImpl.connect(NioSocketImpl.java:588) ~[na:na]
	at java.base/java.net.Socket.connect(Socket.java:648) ~[na:na]
	at java.base/java.net.Socket.connect(Socket.java:597) ~[na:na]
	at java.base/sun.net.NetworkClient.doConnect(NetworkClient.java:182) ~[na:na]
	at java.base/sun.net.www.http.HttpClient.openServer(HttpClient.java:474) ~[na:na]
	at java.base/sun.net.www.http.HttpClient.openServer(HttpClient.java:569) ~[na:na]
	at java.base/sun.net.www.http.HttpClient.<init>(HttpClient.java:242) ~[na:na]
	at java.base/sun.net.www.http.HttpClient.New(HttpClient.java:341) ~[na:na]
	at java.base/sun.net.www.http.HttpClient.New(HttpClient.java:362) ~[na:na]
	at java.base/sun.net.www.protocol.http.HttpURLConnection.getNewHttpClient(HttpURLConnection.java:1261) ~[na:na]
	at java.base/sun.net.www.protocol.http.HttpURLConnection.plainConnect0(HttpURLConnection.java:1194) ~[na:na]
	at java.base/sun.net.www.protocol.http.HttpURLConnection.plainConnect(HttpURLConnection.java:1082) ~[na:na]
	at java.base/sun.net.www.protocol.http.HttpURLConnection.connect(HttpURLConnection.java:1016) ~[na:na]
	at org.springframework.http.client.SimpleBufferingClientHttpRequest.executeInternal(SimpleBufferingClientHttpRequest.java:76) ~[spring-web-5.3.6.jar:5.3.6]
	at org.springframework.http.client.AbstractBufferingClientHttpRequest.executeInternal(AbstractBufferingClientHttpRequest.java:48) ~[spring-web-5.3.6.jar:5.3.6]
	at org.springframework.http.client.AbstractClientHttpRequest.execute(AbstractClientHttpRequest.java:66) ~[spring-web-5.3.6.jar:5.3.6]
	at org.springframework.web.client.RestTemplate.doExecute(RestTemplate.java:776) ~[spring-web-5.3.6.jar:5.3.6]
	at org.springframework.web.client.RestTemplate.execute(RestTemplate.java:711) ~[spring-web-5.3.6.jar:5.3.6]
	at org.springframework.web.client.RestTemplate.exchange(RestTemplate.java:602) ~[spring-web-5.3.6.jar:5.3.6]
	at com.automationintesting.requests.MessageRequests.postMessage(MessageRequests.java:32) ~[restful-booker-platform-booking-1.3.SNAPSHOT.jar:na]
	at com.automationintesting.service.BookingService.createBooking(BookingService.java:110) ~[restful-booker-platform-booking-1.3.SNAPSHOT.jar:na]
	at com.automationintesting.api.BookingController.createBooking(BookingController.java:32) ~[restful-booker-platform-booking-1.3.SNAPSHOT.jar:na]
	at java.base/jdk.internal.reflect.NativeMethodAccessorImpl.invoke0(Native Method) ~[na:na]
	at java.base/jdk.internal.reflect.NativeMethodAccessorImpl.invoke(NativeMethodAccessorImpl.java:64) ~[na:na]
	at java.base/jdk.internal.reflect.DelegatingMethodAccessorImpl.invoke(DelegatingMethodAccessorImpl.java:43) ~[na:na]
	at java.base/java.lang.reflect.Method.invoke(Method.java:564) ~[na:na]
	at org.springframework.web.method.support.InvocableHandlerMethod.doInvoke(InvocableHandlerMethod.java:197) ~[spring-web-5.3.6.jar:5.3.6]
	at org.springframework.web.method.support.InvocableHandlerMethod.invokeForRequest(InvocableHandlerMethod.java:141) ~[spring-web-5.3.6.jar:5.3.6]
	at org.springframework.web.servlet.mvc.method.annotation.ServletInvocableHandlerMethod.invokeAndHandle(ServletInvocableHandlerMethod.java:106) ~[spring-webmvc-5.3.6.jar:5.3.6]
	at org.springframework.web.servlet.mvc.method.annotation.RequestMappingHandlerAdapter.invokeHandlerMethod(RequestMappingHandlerAdapter.java:894) ~[spring-webmvc-5.3.6.jar:5.3.6]
	at org.springframework.web.servlet.mvc.method.annotation.RequestMappingHandlerAdapter.handleInternal(RequestMappingHandlerAdapter.java:808) ~[spring-webmvc-5.3.6.jar:5.3.6]
	at org.springframework.web.servlet.mvc.method.AbstractHandlerMethodAdapter.handle(AbstractHandlerMethodAdapter.java:87) ~[spring-webmvc-5.3.6.jar:5.3.6]
	at org.springframework.web.servlet.DispatcherServlet.doDispatch(DispatcherServlet.java:1060) ~[spring-webmvc-5.3.6.jar:5.3.6]
	at org.springframework.web.servlet.DispatcherServlet.doService(DispatcherServlet.java:962) ~[spring-webmvc-5.3.6.jar:5.3.6]
	at org.springframework.web.servlet.FrameworkServlet.processRequest(FrameworkServlet.java:1006) ~[spring-webmvc-5.3.6.jar:5.3.6]
	at org.springframework.web.servlet.FrameworkServlet.doPost(FrameworkServlet.java:909) ~[spring-webmvc-5.3.6.jar:5.3.6]
	at javax.servlet.http.HttpServlet.service(HttpServlet.java:652) ~[tomcat-embed-core-9.0.45.jar:4.0.FR]
	at org.springframework.web.servlet.FrameworkServlet.service(FrameworkServlet.java:883) ~[spring-webmvc-5.3.6.jar:5.3.6]
	at javax.servlet.http.HttpServlet.service(HttpServlet.java:733) ~[tomcat-embed-core-9.0.45.jar:4.0.FR]
	at org.apache.catalina.core.ApplicationFilterChain.internalDoFilter(ApplicationFilterChain.java:227) ~[tomcat-embed-core-9.0.45.jar:9.0.45]
	at org.apache.catalina.core.ApplicationFilterChain.doFilter(ApplicationFilterChain.java:162) ~[tomcat-embed-core-9.0.45.jar:9.0.45]
	at org.apache.tomcat.websocket.server.WsFilter.doFilter(WsFilter.java:53) ~[tomcat-embed-websocket-9.0.45.jar:9.0.45]
	at org.apache.catalina.core.ApplicationFilterChain.internalDoFilter(ApplicationFilterChain.java:189) ~[tomcat-embed-core-9.0.45.jar:9.0.45]
	at org.apache.catalina.core.ApplicationFilterChain.doFilter(ApplicationFilterChain.java:162) ~[tomcat-embed-core-9.0.45.jar:9.0.45]
	at org.springframework.web.filter.RequestContextFilter.doFilterInternal(RequestContextFilter.java:100) ~[spring-web-5.3.6.jar:5.3.6]
	at org.springframework.web.filter.OncePerRequestFilter.doFilter(OncePerRequestFilter.java:119) ~[spring-web-5.3.6.jar:5.3.6]
	at org.apache.catalina.core.ApplicationFilterChain.internalDoFilter(ApplicationFilterChain.java:189) ~[tomcat-embed-core-9.0.45.jar:9.0.45]
	at org.apache.catalina.core.ApplicationFilterChain.doFilter(ApplicationFilterChain.java:162) ~[tomcat-embed-core-9.0.45.jar:9.0.45]
	at org.springframework.web.filter.FormContentFilter.doFilterInternal(FormContentFilter.java:93) ~[spring-web-5.3.6.jar:5.3.6]
	at org.springframework.web.filter.OncePerRequestFilter.doFilter(OncePerRequestFilter.java:119) ~[spring-web-5.3.6.jar:5.3.6]
	at org.apache.catalina.core.ApplicationFilterChain.internalDoFilter(ApplicationFilterChain.java:189) ~[tomcat-embed-core-9.0.45.jar:9.0.45]
	at org.apache.catalina.core.ApplicationFilterChain.doFilter(ApplicationFilterChain.java:162) ~[tomcat-embed-core-9.0.45.jar:9.0.45]
	at org.springframework.boot.actuate.metrics.web.servlet.WebMvcMetricsFilter.doFilterInternal(WebMvcMetricsFilter.java:93) ~[spring-boot-actuator-2.4.5.jar:2.4.5]
	at org.springframework.web.filter.OncePerRequestFilter.doFilter(OncePerRequestFilter.java:119) ~[spring-web-5.3.6.jar:5.3.6]
	at org.apache.catalina.core.ApplicationFilterChain.internalDoFilter(ApplicationFilterChain.java:189) ~[tomcat-embed-core-9.0.45.jar:9.0.45]
	at org.apache.catalina.core.ApplicationFilterChain.doFilter(ApplicationFilterChain.java:162) ~[tomcat-embed-core-9.0.45.jar:9.0.45]
	at org.springframework.web.filter.CharacterEncodingFilter.doFilterInternal(CharacterEncodingFilter.java:201) ~[spring-web-5.3.6.jar:5.3.6]
	at org.springframework.web.filter.OncePerRequestFilter.doFilter(OncePerRequestFilter.java:119) ~[spring-web-5.3.6.jar:5.3.6]
	at org.apache.catalina.core.ApplicationFilterChain.internalDoFilter(ApplicationFilterChain.java:189) ~[tomcat-embed-core-9.0.45.jar:9.0.45]
	at org.apache.catalina.core.ApplicationFilterChain.doFilter(ApplicationFilterChain.java:162) ~[tomcat-embed-core-9.0.45.jar:9.0.45]
	at org.apache.catalina.core.StandardWrapperValve.invoke(StandardWrapperValve.java:202) ~[tomcat-embed-core-9.0.45.jar:9.0.45]
	at org.apache.catalina.core.StandardContextValve.invoke(StandardContextValve.java:97) ~[tomcat-embed-core-9.0.45.jar:9.0.45]
	at org.apache.catalina.authenticator.AuthenticatorBase.invoke(AuthenticatorBase.java:542) ~[tomcat-embed-core-9.0.45.jar:9.0.45]
	at org.apache.catalina.core.StandardHostValve.invoke(StandardHostValve.java:143) ~[tomcat-embed-core-9.0.45.jar:9.0.45]
	at org.apache.catalina.valves.ErrorReportValve.invoke(ErrorReportValve.java:92) ~[tomcat-embed-core-9.0.45.jar:9.0.45]
	at org.apache.catalina.core.StandardEngineValve.invoke(StandardEngineValve.java:78) ~[tomcat-embed-core-9.0.45.jar:9.0.45]
	at org.apache.catalina.connector.CoyoteAdapter.service(CoyoteAdapter.java:357) ~[tomcat-embed-core-9.0.45.jar:9.0.45]
	at org.apache.coyote.http11.Http11Processor.service(Http11Processor.java:374) ~[tomcat-embed-core-9.0.45.jar:9.0.45]
	at org.apache.coyote.AbstractProcessorLight.process(AbstractProcessorLight.java:65) ~[tomcat-embed-core-9.0.45.jar:9.0.45]
	at org.apache.coyote.AbstractProtocol$ConnectionHandler.process(AbstractProtocol.java:893) ~[tomcat-embed-core-9.0.45.jar:9.0.45]
	at org.apache.tomcat.util.net.NioEndpoint$SocketProcessor.doRun(NioEndpoint.java:1707) ~[tomcat-embed-core-9.0.45.jar:9.0.45]
	at org.apache.tomcat.util.net.SocketProcessorBase.run(SocketProcessorBase.java:49) ~[tomcat-embed-core-9.0.45.jar:9.0.45]
	at java.base/java.util.concurrent.ThreadPoolExecutor.runWorker(ThreadPoolExecutor.java:1130) ~[na:na]
	at java.base/java.util.concurrent.ThreadPoolExecutor$Worker.run(ThreadPoolExecutor.java:630) ~[na:na]
	at org.apache.tomcat.util.threads.TaskThread$WrappingRunnable.run(TaskThread.java:61) ~[tomcat-embed-core-9.0.45.jar:9.0.45]
	at java.base/java.lang.Thread.run(Thread.java:832) ~[na:na]

2021-05-03 13:14:26.590  INFO 3109 --- [main] .b.t.c.SpringBootTestContextBootstrapper : Neither @ContextConfiguration nor @ContextHierarchy found for test class [com.automationintesting.integration.MessageRequestIT], using SpringBootContextLoader
2021-05-03 13:14:26.591  INFO 3109 --- [main] o.s.t.c.support.AbstractContextLoader    : Could not detect default resource locations for test class [com.automationintesting.integration.MessageRequestIT]: no resource found for suffixes {-context.xml, Context.groovy}.
2021-05-03 13:14:26.593  INFO 3109 --- [main] .b.t.c.SpringBootTestContextBootstrapper : Loaded default TestExecutionListener class names from location [META-INF/spring.factories]: [org.springframework.boot.test.mock.mockito.MockitoTestExecutionListener, org.springframework.boot.test.mock.mockito.ResetMocksTestExecutionListener, org.springframework.boot.test.autoconfigure.restdocs.RestDocsTestExecutionListener, org.springframework.boot.test.autoconfigure.web.client.MockRestServiceServerResetTestExecutionListener, org.springframework.boot.test.autoconfigure.web.servlet.MockMvcPrintOnlyOnFailureTestExecutionListener, org.springframework.boot.test.autoconfigure.web.servlet.WebDriverTestExecutionListener, org.springframework.boot.test.autoconfigure.webservices.client.MockWebServiceServerTestExecutionListener, org.springframework.test.context.web.ServletTestExecutionListener, org.springframework.test.context.support.DirtiesContextBeforeModesTestExecutionListener, org.springframework.test.context.event.ApplicationEventsTestExecutionListener, org.springframework.test.context.support.DependencyInjectionTestExecutionListener, org.springframework.test.context.support.DirtiesContextTestExecutionListener, org.springframework.test.context.transaction.TransactionalTestExecutionListener, org.springframework.test.context.jdbc.SqlScriptsTestExecutionListener, org.springframework.test.context.event.EventPublishingTestExecutionListener]
2021-05-03 13:14:26.593  INFO 3109 --- [main] .b.t.c.SpringBootTestContextBootstrapper : Using TestExecutionListeners: [org.springframework.test.context.web.ServletTestExecutionListener@3e37c38f, org.springframework.test.context.support.DirtiesContextBeforeModesTestExecutionListener@2f0b7b6d, org.springframework.test.context.event.ApplicationEventsTestExecutionListener@1766b7, org.springframework.boot.test.mock.mockito.MockitoTestExecutionListener@56f3f9da, org.springframework.boot.test.autoconfigure.SpringBootDependencyInjectionTestExecutionListener@56587330, org.springframework.test.context.support.DirtiesContextTestExecutionListener@227cba85, org.springframework.test.context.transaction.TransactionalTestExecutionListener@19e552a3, org.springframework.test.context.jdbc.SqlScriptsTestExecutionListener@5091456c, org.springframework.test.context.event.EventPublishingTestExecutionListener@45c57dbd, org.springframework.boot.test.mock.mockito.ResetMocksTestExecutionListener@22a5f12, org.springframework.boot.test.autoconfigure.restdocs.RestDocsTestExecutionListener@316975be, org.springframework.boot.test.autoconfigure.web.client.MockRestServiceServerResetTestExecutionListener@6b09fcda, org.springframework.boot.test.autoconfigure.web.servlet.MockMvcPrintOnlyOnFailureTestExecutionListener@5cf4c93, org.springframework.boot.test.autoconfigure.web.servlet.WebDriverTestExecutionListener@55cd41f7, org.springframework.boot.test.autoconfigure.webservices.client.MockWebServiceServerTestExecutionListener@2ff30a75]
2021-05-03 13:14:26.709  INFO 3109 --- [main] o.g.grizzly.http.server.NetworkListener  : Started listener bound to [0.0.0.0:3006]
2021-05-03 13:14:26.710  INFO 3109 --- [main] o.g.grizzly.http.server.HttpServer       : [HttpServer] Started.
2021-05-03 13:14:26.784  INFO 3109 --- [Grizzly-worker(1)] com.xebialabs.restito.server.StubServer  : POST Request to URL: http://localhost:3006/message/ of type application/json
2021-05-03 13:14:26.785  INFO 3109 --- [Grizzly-worker(1)] com.xebialabs.restito.server.StubServer  :  --> Header [content-length] with value: [262]
2021-05-03 13:14:26.785  INFO 3109 --- [Grizzly-worker(1)] com.xebialabs.restito.server.StubServer  :  --> Header [host] with value: [localhost:3006]
2021-05-03 13:14:26.785  INFO 3109 --- [Grizzly-worker(1)] com.xebialabs.restito.server.StubServer  :  --> Header [content-type] with value: [application/json]
2021-05-03 13:14:26.785  INFO 3109 --- [Grizzly-worker(1)] com.xebialabs.restito.server.StubServer  :  --> Header [connection] with value: [keep-alive]
2021-05-03 13:14:26.785  INFO 3109 --- [Grizzly-worker(1)] com.xebialabs.restito.server.StubServer  :  --> Header [accept] with value: [application/json]
2021-05-03 13:14:26.785  INFO 3109 --- [Grizzly-worker(1)] com.xebialabs.restito.server.StubServer  :  --> Header [user-agent] with value: [Java/15.0.1]
2021-05-03 13:14:26.785  INFO 3109 --- [Grizzly-worker(1)] com.xebialabs.restito.server.StubServer  :  --> Body: 
2021-05-03 13:14:26.786  INFO 3109 --- [Grizzly-worker(1)] com.xebialabs.restito.server.StubServer  : {"name":"Mark Winteringham","email":"mark@mwtestconsultancy.co.uk","phone":"01292123456","subject":"You have a new booking!","description":"You have a new booking from Mark Winteringham. They have booked a room for the following dates: 1990-02-01 to 1990-02-02"}
2021-05-03 13:14:26.867  INFO 3109 --- [main] o.g.grizzly.http.server.NetworkListener  : Stopped listener bound to [0.0.0.0:3006]
2021-05-03 13:14:26.872  INFO 3109 --- [main] .b.t.c.SpringBootTestContextBootstrapper : Neither @ContextConfiguration nor @ContextHierarchy found for test class [com.automationintesting.integration.examples.BookingIntegrationIT], using SpringBootContextLoader
2021-05-03 13:14:26.873  INFO 3109 --- [main] o.s.t.c.support.AbstractContextLoader    : Could not detect default resource locations for test class [com.automationintesting.integration.examples.BookingIntegrationIT]: no resource found for suffixes {-context.xml, Context.groovy}.
2021-05-03 13:14:26.876  INFO 3109 --- [main] .b.t.c.SpringBootTestContextBootstrapper : Loaded default TestExecutionListener class names from location [META-INF/spring.factories]: [org.springframework.boot.test.mock.mockito.MockitoTestExecutionListener, org.springframework.boot.test.mock.mockito.ResetMocksTestExecutionListener, org.springframework.boot.test.autoconfigure.restdocs.RestDocsTestExecutionListener, org.springframework.boot.test.autoconfigure.web.client.MockRestServiceServerResetTestExecutionListener, org.springframework.boot.test.autoconfigure.web.servlet.MockMvcPrintOnlyOnFailureTestExecutionListener, org.springframework.boot.test.autoconfigure.web.servlet.WebDriverTestExecutionListener, org.springframework.boot.test.autoconfigure.webservices.client.MockWebServiceServerTestExecutionListener, org.springframework.test.context.web.ServletTestExecutionListener, org.springframework.test.context.support.DirtiesContextBeforeModesTestExecutionListener, org.springframework.test.context.event.ApplicationEventsTestExecutionListener, org.springframework.test.context.support.DependencyInjectionTestExecutionListener, org.springframework.test.context.support.DirtiesContextTestExecutionListener, org.springframework.test.context.transaction.TransactionalTestExecutionListener, org.springframework.test.context.jdbc.SqlScriptsTestExecutionListener, org.springframework.test.context.event.EventPublishingTestExecutionListener]
2021-05-03 13:14:26.877  INFO 3109 --- [main] .b.t.c.SpringBootTestContextBootstrapper : Using TestExecutionListeners: [org.springframework.test.context.web.ServletTestExecutionListener@3e7ac200, org.springframework.test.context.support.DirtiesContextBeforeModesTestExecutionListener@222b4ab1, org.springframework.test.context.event.ApplicationEventsTestExecutionListener@7df09f55, org.springframework.boot.test.mock.mockito.MockitoTestExecutionListener@178be8fc, org.springframework.boot.test.autoconfigure.SpringBootDependencyInjectionTestExecutionListener@7f0952cf, org.springframework.test.context.support.DirtiesContextTestExecutionListener@70fe15d, org.springframework.test.context.transaction.TransactionalTestExecutionListener@7efcdcde, org.springframework.test.context.jdbc.SqlScriptsTestExecutionListener@36f807f5, org.springframework.test.context.event.EventPublishingTestExecutionListener@352b4cf, org.springframework.boot.test.mock.mockito.ResetMocksTestExecutionListener@7b2fb8f1, org.springframework.boot.test.autoconfigure.restdocs.RestDocsTestExecutionListener@632d8166, org.springframework.boot.test.autoconfigure.web.client.MockRestServiceServerResetTestExecutionListener@151ce559, org.springframework.boot.test.autoconfigure.web.servlet.MockMvcPrintOnlyOnFailureTestExecutionListener@37ecff9, org.springframework.boot.test.autoconfigure.web.servlet.WebDriverTestExecutionListener@5901757, org.springframework.boot.test.autoconfigure.webservices.client.MockWebServiceServerTestExecutionListener@ab98032]
2021-05-03 13:14:26.886  INFO 3109 --- [main] o.g.grizzly.http.server.NetworkListener  : Started listener bound to [0.0.0.0:3006]
2021-05-03 13:14:26.887  INFO 3109 --- [main] o.g.grizzly.http.server.HttpServer       : [HttpServer-1] Started.
2021-05-03 13:14:26.907  INFO 3109 --- [Grizzly-worker(1)] com.xebialabs.restito.server.StubServer  : POST Request to URL: http://localhost:3006/message/ of type application/json
2021-05-03 13:14:26.908  INFO 3109 --- [Grizzly-worker(1)] com.xebialabs.restito.server.StubServer  :  --> Header [content-length] with value: [262]
2021-05-03 13:14:26.908  INFO 3109 --- [Grizzly-worker(1)] com.xebialabs.restito.server.StubServer  :  --> Header [host] with value: [localhost:3006]
2021-05-03 13:14:26.908  INFO 3109 --- [Grizzly-worker(1)] com.xebialabs.restito.server.StubServer  :  --> Header [content-type] with value: [application/json]
2021-05-03 13:14:26.908  INFO 3109 --- [Grizzly-worker(1)] com.xebialabs.restito.server.StubServer  :  --> Header [connection] with value: [keep-alive]
2021-05-03 13:14:26.908  INFO 3109 --- [Grizzly-worker(1)] com.xebialabs.restito.server.StubServer  :  --> Header [accept] with value: [application/json]
2021-05-03 13:14:26.908  INFO 3109 --- [Grizzly-worker(1)] com.xebialabs.restito.server.StubServer  :  --> Header [user-agent] with value: [Java/15.0.1]
2021-05-03 13:14:26.908  INFO 3109 --- [Grizzly-worker(1)] com.xebialabs.restito.server.StubServer  :  --> Body: 
2021-05-03 13:14:26.909  INFO 3109 --- [Grizzly-worker(1)] com.xebialabs.restito.server.StubServer  : {"name":"Mark Winteringham","email":"mark@mwtestconsultancy.co.uk","phone":"01928123456","subject":"You have a new booking!","description":"You have a new booking from Mark Winteringham. They have booked a room for the following dates: 1991-01-01 to 1991-01-02"}
2021-05-03 13:14:26.962  INFO 3109 --- [main] o.g.grizzly.http.server.NetworkListener  : Stopped listener bound to [0.0.0.0:3006]
2021-05-03 13:14:26.966  INFO 3109 --- [main] .b.t.c.SpringBootTestContextBootstrapper : Neither @ContextConfiguration nor @ContextHierarchy found for test class [com.automationintesting.integration.examples.ContractIT], using SpringBootContextLoader
2021-05-03 13:14:26.967  INFO 3109 --- [main] o.s.t.c.support.AbstractContextLoader    : Could not detect default resource locations for test class [com.automationintesting.integration.examples.ContractIT]: no resource found for suffixes {-context.xml, Context.groovy}.
2021-05-03 13:14:26.969  INFO 3109 --- [main] .b.t.c.SpringBootTestContextBootstrapper : Loaded default TestExecutionListener class names from location [META-INF/spring.factories]: [org.springframework.boot.test.mock.mockito.MockitoTestExecutionListener, org.springframework.boot.test.mock.mockito.ResetMocksTestExecutionListener, org.springframework.boot.test.autoconfigure.restdocs.RestDocsTestExecutionListener, org.springframework.boot.test.autoconfigure.web.client.MockRestServiceServerResetTestExecutionListener, org.springframework.boot.test.autoconfigure.web.servlet.MockMvcPrintOnlyOnFailureTestExecutionListener, org.springframework.boot.test.autoconfigure.web.servlet.WebDriverTestExecutionListener, org.springframework.boot.test.autoconfigure.webservices.client.MockWebServiceServerTestExecutionListener, org.springframework.test.context.web.ServletTestExecutionListener, org.springframework.test.context.support.DirtiesContextBeforeModesTestExecutionListener, org.springframework.test.context.event.ApplicationEventsTestExecutionListener, org.springframework.test.context.support.DependencyInjectionTestExecutionListener, org.springframework.test.context.support.DirtiesContextTestExecutionListener, org.springframework.test.context.transaction.TransactionalTestExecutionListener, org.springframework.test.context.jdbc.SqlScriptsTestExecutionListener, org.springframework.test.context.event.EventPublishingTestExecutionListener]
2021-05-03 13:14:26.970  INFO 3109 --- [main] .b.t.c.SpringBootTestContextBootstrapper : Using TestExecutionListeners: [org.springframework.test.context.web.ServletTestExecutionListener@189e986f, org.springframework.test.context.support.DirtiesContextBeforeModesTestExecutionListener@218289de, org.springframework.test.context.event.ApplicationEventsTestExecutionListener@a632ae0, org.springframework.boot.test.mock.mockito.MockitoTestExecutionListener@df9bfaa, org.springframework.boot.test.autoconfigure.SpringBootDependencyInjectionTestExecutionListener@61c8139a, org.springframework.test.context.support.DirtiesContextTestExecutionListener@54b1ba04, org.springframework.test.context.transaction.TransactionalTestExecutionListener@4796ae58, org.springframework.test.context.jdbc.SqlScriptsTestExecutionListener@7d24def, org.springframework.test.context.event.EventPublishingTestExecutionListener@2627da4c, org.springframework.boot.test.mock.mockito.ResetMocksTestExecutionListener@7f9f3516, org.springframework.boot.test.autoconfigure.restdocs.RestDocsTestExecutionListener@d89b0d3, org.springframework.boot.test.autoconfigure.web.client.MockRestServiceServerResetTestExecutionListener@18a129b8, org.springframework.boot.test.autoconfigure.web.servlet.MockMvcPrintOnlyOnFailureTestExecutionListener@cc655a, org.springframework.boot.test.autoconfigure.web.servlet.WebDriverTestExecutionListener@67dc7d0, org.springframework.boot.test.autoconfigure.webservices.client.MockWebServiceServerTestExecutionListener@46b2e0e4]
2021-05-03 13:14:27.021  INFO 3109 --- [SpringContextShutdownHook] o.s.s.concurrent.ThreadPoolTaskExecutor  : Shutting down ExecutorService 'applicationTaskExecutor'
2021-05-03 13:14:27.027  INFO 3109 --- [SpringContextShutdownHook] j.LocalContainerEntityManagerFactoryBean : Closing JPA EntityManagerFactory for persistence unit 'default'
2021-05-03 13:14:27.028  INFO 3109 --- [SpringContextShutdownHook] .SchemaDropperImpl$DelayedDropActionImpl : HHH000477: Starting delayed evictData of schema as part of SessionFactory shut-down'
2021-05-03 13:14:27.032  INFO 3109 --- [SpringContextShutdownHook] com.zaxxer.hikari.HikariDataSource       : HikariPool-1 - Shutdown initiated...
2021-05-03 13:14:27.034  INFO 3109 --- [SpringContextShutdownHook] com.zaxxer.hikari.HikariDataSource       : HikariPool-1 - Shutdown completed.
