
  .   ____          _            __ _ _
 /\\ / ___'_ __ _ _(_)_ __  __ _ \ \ \ \
( ( )\___ | '_ | '_| | '_ \/ _` | \ \ \ \
 \\/  ___)| |_)| | | | | || (_| |  ) ) ) )
  '  |____| .__|_| |_|_| |_\__, | / / / /
 =========|_|==============|___/=/_/_/_/
 :: Spring Boot ::                (v2.4.5)

2021-05-03 13:15:29.627  INFO 3382 --- [           main] c.a.api.AuthApplication                  : Starting AuthApplication using Java 15.0.1 on 192.168.1.104 with PID 3382 (/Users/ashmodi/Documents/workspace/restful-booker-platform/auth/target/restful-booker-platform-auth-1.3.SNAPSHOT.jar started by ashmodi in /Users/ashmodi/Documents/workspace/restful-booker-platform)
2021-05-03 13:15:29.632  INFO 3382 --- [           main] c.a.api.AuthApplication                  : The following profiles are active: dev
2021-05-03 13:15:35.423  INFO 3382 --- [           main] o.s.b.w.embedded.tomcat.TomcatWebServer  : Tomcat initialized with port(s): 3004 (http)
2021-05-03 13:15:35.470  INFO 3382 --- [           main] o.apache.catalina.core.StandardService   : Starting service [Tomcat]
2021-05-03 13:15:35.470  INFO 3382 --- [           main] org.apache.catalina.core.StandardEngine  : Starting Servlet engine: [Apache Tomcat/9.0.45]
2021-05-03 13:15:35.663  INFO 3382 --- [           main] o.a.c.c.C.[Tomcat].[localhost].[/auth]   : Initializing Spring embedded WebApplicationContext
2021-05-03 13:15:35.663  INFO 3382 --- [           main] w.s.c.ServletWebServerApplicationContext : Root WebApplicationContext: initialization completed in 5736 ms
2021-05-03 13:15:37.763  INFO 3382 --- [           main] o.s.b.a.e.web.EndpointLinksResolver      : Exposing 2 endpoint(s) beneath base path '/actuator'
2021-05-03 13:15:38.349  INFO 3382 --- [           main] o.s.s.concurrent.ThreadPoolTaskExecutor  : Initializing ExecutorService 'applicationTaskExecutor'
2021-05-03 13:15:39.230  INFO 3382 --- [           main] o.s.b.w.embedded.tomcat.TomcatWebServer  : Tomcat started on port(s): 3004 (http) with context path '/auth'
2021-05-03 13:15:40.075  INFO 3382 --- [           main] c.a.api.AuthApplication                  : Started AuthApplication in 12.358 seconds (JVM running for 13.631)
2021-05-03 13:15:41.576  INFO 3382 --- [nio-3004-exec-1] o.a.c.c.C.[Tomcat].[localhost].[/auth]   : Initializing Spring DispatcherServlet 'dispatcherServlet'
2021-05-03 13:15:41.577  INFO 3382 --- [nio-3004-exec-1] o.s.web.servlet.DispatcherServlet        : Initializing Servlet 'dispatcherServlet'
2021-05-03 13:15:41.579  INFO 3382 --- [nio-3004-exec-1] o.s.web.servlet.DispatcherServlet        : Completed initialization in 2 ms
:41.577  INFO 3382 --- [http-nio-3004-exec-1] o.s.web.servlet.DispatcherServlet        : Initializing Servlet 'dispatcherServlet'
2021-05-03 13:15:41.579  INFO 3382 --- [http-nio-3004-exec-1] o.s.web.servlet.DispatcherServlet        : Completed initialization in 2 ms
