
  .   ____          _            __ _ _
 /\\ / ___'_ __ _ _(_)_ __  __ _ \ \ \ \
( ( )\___ | '_ | '_| | '_ \/ _` | \ \ \ \
 \\/  ___)| |_)| | | | | || (_| |  ) ) ) )
  '  |____| .__|_| |_|_| |_\__, | / / / /
 =========|_|==============|___/=/_/_/_/
 :: Spring Boot ::                (v2.4.5)

2021-05-03 12:15:29.980  INFO 3383 --- [           main] c.a.api.BookingApplication               : Starting BookingApplication using Java 15.0.1 on 192.168.1.104 with PID 3383 (/Users/ashmodi/Documents/workspace/restful-booker-platform/booking/target/restful-booker-platform-booking-1.3.SNAPSHOT-exec.jar started by ashmodi in /Users/ashmodi/Documents/workspace/restful-booker-platform)
2021-05-03 12:15:30.030  INFO 3383 --- [           main] c.a.api.BookingApplication               : The following profiles are active: dev
2021-05-03 12:15:35.308  INFO 3383 --- [           main] .s.d.r.c.RepositoryConfigurationDelegate : Bootstrapping Spring Data JPA repositories in DEFAULT mode.
2021-05-03 12:15:35.332  INFO 3383 --- [           main] .s.d.r.c.RepositoryConfigurationDelegate : Finished Spring Data repository scanning in 8 ms. Found 0 JPA repository interfaces.
2021-05-03 12:15:37.680  INFO 3383 --- [           main] o.s.b.w.embedded.tomcat.TomcatWebServer  : Tomcat initialized with port(s): 3000 (http)
2021-05-03 12:15:37.745  INFO 3383 --- [           main] o.apache.catalina.core.StandardService   : Starting service [Tomcat]
2021-05-03 12:15:37.745  INFO 3383 --- [           main] org.apache.catalina.core.StandardEngine  : Starting Servlet engine: [Apache Tomcat/9.0.45]
2021-05-03 12:15:38.004  INFO 3383 --- [           main] o.a.c.c.C.[.[localhost].[/booking]       : Initializing Spring embedded WebApplicationContext
2021-05-03 12:15:38.004  INFO 3383 --- [           main] w.s.c.ServletWebServerApplicationContext : Root WebApplicationContext: initialization completed in 7655 ms
2021-05-03 12:15:38.591  INFO 3383 --- [           main] com.zaxxer.hikari.HikariDataSource       : HikariPool-1 - Starting...
2021-05-03 12:15:39.551  INFO 3383 --- [           main] com.zaxxer.hikari.HikariDataSource       : HikariPool-1 - Start completed.
2021-05-03 12:15:39.582  INFO 3383 --- [           main] o.s.b.a.h2.H2ConsoleAutoConfiguration    : H2 console available at '/h2'. Database available at 'jdbc:h2:mem:rbp'
2021-05-03 12:15:40.251  INFO 3383 --- [           main] o.hibernate.jpa.internal.util.LogHelper  : HHH000204: Processing PersistenceUnitInfo [name: default]
2021-05-03 12:15:40.450  INFO 3383 --- [           main] org.hibernate.Version                    : HHH000412: Hibernate ORM core version 5.4.30.Final
2021-05-03 12:15:40.888  INFO 3383 --- [           main] o.hibernate.annotations.common.Version   : HCANN000001: Hibernate Commons Annotations {5.1.2.Final}
2021-05-03 12:15:41.233  INFO 3383 --- [           main] org.hibernate.dialect.Dialect            : HHH000400: Using dialect: org.hibernate.dialect.H2Dialect
2021-05-03 12:15:42.051  INFO 3383 --- [           main] o.h.e.t.j.p.i.JtaPlatformInitiator       : HHH000490: Using JtaPlatform implementation: [org.hibernate.engine.transaction.jta.platform.internal.NoJtaPlatform]
2021-05-03 12:15:42.068  INFO 3383 --- [           main] j.LocalContainerEntityManagerFactoryBean : Initialized JPA EntityManagerFactory for persistence unit 'default'
2021-05-03 12:15:42.144  INFO 3383 --- [           main] com.automationintesting.db.BookingDB     : DB server mode disabled
2021-05-03 12:15:42.766  WARN 3383 --- [           main] JpaBaseConfiguration$JpaWebConfiguration : spring.jpa.open-in-view is enabled by default. Therefore, database queries may be performed during view rendering. Explicitly configure spring.jpa.open-in-view to disable this warning
2021-05-03 12:15:43.257  INFO 3383 --- [           main] o.s.b.a.e.web.EndpointLinksResolver      : Exposing 2 endpoint(s) beneath base path '/actuator'
2021-05-03 12:15:43.877  INFO 3383 --- [           main] o.s.s.concurrent.ThreadPoolTaskExecutor  : Initializing ExecutorService 'applicationTaskExecutor'
2021-05-03 12:15:44.602  INFO 3383 --- [           main] o.s.b.w.embedded.tomcat.TomcatWebServer  : Tomcat started on port(s): 3000 (http) with context path '/booking'
2021-05-03 12:15:45.392  INFO 3383 --- [           main] c.a.api.BookingApplication               : Started BookingApplication in 17.506 seconds (JVM running for 18.95)
2021-05-03 12:15:45.478  INFO 3383 --- [           main] c.a.service.DatabaseScheduler            : No env var was set for DB refresh (or set as 0) so not running DB reset
2021-05-03 12:15:46.561  INFO 3383 --- [nio-3000-exec-1] o.a.c.c.C.[.[localhost].[/booking]       : Initializing Spring DispatcherServlet 'dispatcherServlet'
2021-05-03 12:15:46.561  INFO 3383 --- [nio-3000-exec-1] o.s.web.servlet.DispatcherServlet        : Initializing Servlet 'dispatcherServlet'
2021-05-03 12:15:46.563  INFO 3383 --- [nio-3000-exec-1] o.s.web.servlet.DispatcherServlet        : Completed initialization in 2 ms
00-exec-1] o.s.web.servlet.DispatcherServlet        : Initializing Servlet 'dispatcherServlet'
2021-05-03 12:15:46.563  INFO 3383 --- [http-nio-3000-exec-1] o.s.web.servlet.DispatcherServlet        : Completed initialization in 2 ms
