
  .   ____          _            __ _ _
 /\\ / ___'_ __ _ _(_)_ __  __ _ \ \ \ \
( ( )\___ | '_ | '_| | '_ \/ _` | \ \ \ \
 \\/  ___)| |_)| | | | | || (_| |  ) ) ) )
  '  |____| .__|_| |_|_| |_\__, | / / / /
 =========|_|==============|___/=/_/_/_/
 :: Spring Boot ::                (v2.4.5)

2021-05-03 13:15:30.263  INFO 3387 --- [           main] c.a.api.MessageApplication               : Starting MessageApplication using Java 15.0.1 on 192.168.1.104 with PID 3387 (/Users/ashmodi/Documents/workspace/restful-booker-platform/message/target/restful-booker-platform-message-1.3.SNAPSHOT-exec.jar started by ashmodi in /Users/ashmodi/Documents/workspace/restful-booker-platform)
2021-05-03 13:15:30.297  INFO 3387 --- [           main] c.a.api.MessageApplication               : The following profiles are active: dev
2021-05-03 13:15:35.534  INFO 3387 --- [           main] .s.d.r.c.RepositoryConfigurationDelegate : Bootstrapping Spring Data JPA repositories in DEFAULT mode.
2021-05-03 13:15:35.601  INFO 3387 --- [           main] .s.d.r.c.RepositoryConfigurationDelegate : Finished Spring Data repository scanning in 29 ms. Found 0 JPA repository interfaces.
2021-05-03 13:15:38.025  INFO 3387 --- [           main] o.s.b.w.embedded.tomcat.TomcatWebServer  : Tomcat initialized with port(s): 3006 (http)
2021-05-03 13:15:38.064  INFO 3387 --- [           main] o.apache.catalina.core.StandardService   : Starting service [Tomcat]
2021-05-03 13:15:38.064  INFO 3387 --- [           main] org.apache.catalina.core.StandardEngine  : Starting Servlet engine: [Apache Tomcat/9.0.45]
2021-05-03 13:15:38.320  INFO 3387 --- [           main] o.a.c.c.C.[.[localhost].[/message]       : Initializing Spring embedded WebApplicationContext
2021-05-03 13:15:38.321  INFO 3387 --- [           main] w.s.c.ServletWebServerApplicationContext : Root WebApplicationContext: initialization completed in 7731 ms
2021-05-03 13:15:38.908  INFO 3387 --- [           main] com.zaxxer.hikari.HikariDataSource       : HikariPool-1 - Starting...
2021-05-03 13:15:39.826  INFO 3387 --- [           main] com.zaxxer.hikari.HikariDataSource       : HikariPool-1 - Start completed.
2021-05-03 13:15:39.848  INFO 3387 --- [           main] o.s.b.a.h2.H2ConsoleAutoConfiguration    : H2 console available at '/h2'. Database available at 'jdbc:h2:mem:rbp'
2021-05-03 13:15:40.542  INFO 3387 --- [           main] o.hibernate.jpa.internal.util.LogHelper  : HHH000204: Processing PersistenceUnitInfo [name: default]
2021-05-03 13:15:40.743  INFO 3387 --- [           main] org.hibernate.Version                    : HHH000412: Hibernate ORM core version 5.4.30.Final
2021-05-03 13:15:41.174  INFO 3387 --- [           main] o.hibernate.annotations.common.Version   : HCANN000001: Hibernate Commons Annotations {5.1.2.Final}
2021-05-03 13:15:41.551  INFO 3387 --- [           main] org.hibernate.dialect.Dialect            : HHH000400: Using dialect: org.hibernate.dialect.H2Dialect
2021-05-03 13:15:42.353  INFO 3387 --- [           main] o.h.e.t.j.p.i.JtaPlatformInitiator       : HHH000490: Using JtaPlatform implementation: [org.hibernate.engine.transaction.jta.platform.internal.NoJtaPlatform]
2021-05-03 13:15:42.376  INFO 3387 --- [           main] j.LocalContainerEntityManagerFactoryBean : Initialized JPA EntityManagerFactory for persistence unit 'default'
2021-05-03 13:15:42.455  INFO 3387 --- [           main] com.automationintesting.db.MessageDB     : DB server mode disabled
2021-05-03 13:15:43.166  WARN 3387 --- [           main] JpaBaseConfiguration$JpaWebConfiguration : spring.jpa.open-in-view is enabled by default. Therefore, database queries may be performed during view rendering. Explicitly configure spring.jpa.open-in-view to disable this warning
2021-05-03 13:15:43.660  INFO 3387 --- [           main] o.s.b.a.e.web.EndpointLinksResolver      : Exposing 2 endpoint(s) beneath base path '/actuator'
2021-05-03 13:15:44.302  INFO 3387 --- [           main] o.s.s.concurrent.ThreadPoolTaskExecutor  : Initializing ExecutorService 'applicationTaskExecutor'
2021-05-03 13:15:45.082  INFO 3387 --- [           main] o.s.b.w.embedded.tomcat.TomcatWebServer  : Tomcat started on port(s): 3006 (http) with context path '/message'
2021-05-03 13:15:45.805  INFO 3387 --- [           main] c.a.api.MessageApplication               : Started MessageApplication in 17.848 seconds (JVM running for 19.357)
2021-05-03 13:15:45.891  INFO 3387 --- [           main] c.a.service.DatabaseScheduler            : No env var was set for DB refresh (or set as 0) so not running DB reset
2021-05-03 13:15:46.564  INFO 3387 --- [nio-3006-exec-1] o.a.c.c.C.[.[localhost].[/message]       : Initializing Spring DispatcherServlet 'dispatcherServlet'
2021-05-03 13:15:46.564  INFO 3387 --- [nio-3006-exec-1] o.s.web.servlet.DispatcherServlet        : Initializing Servlet 'dispatcherServlet'
2021-05-03 13:15:46.566  INFO 3387 --- [nio-3006-exec-1] o.s.web.servlet.DispatcherServlet        : Completed initialization in 2 ms
06-exec-1] o.s.web.servlet.DispatcherServlet        : Initializing Servlet 'dispatcherServlet'
2021-05-03 13:15:46.566  INFO 3387 --- [http-nio-3006-exec-1] o.s.web.servlet.DispatcherServlet        : Completed initialization in 2 ms
