
  .   ____          _            __ _ _
 /\\ / ___'_ __ _ _(_)_ __  __ _ \ \ \ \
( ( )\___ | '_ | '_| | '_ \/ _` | \ \ \ \
 \\/  ___)| |_)| | | | | || (_| |  ) ) ) )
  '  |____| .__|_| |_|_| |_\__, | / / / /
 =========|_|==============|___/=/_/_/_/
 :: Spring Boot ::                (v2.4.5)

2021-05-03 13:15:29.511  INFO 3385 --- [           main] c.a.api.ReportApplication                : Starting ReportApplication using Java 15.0.1 on 192.168.1.104 with PID 3385 (/Users/ashmodi/Documents/workspace/restful-booker-platform/report/target/restful-booker-platform-report-1.3.SNAPSHOT-exec.jar started by ashmodi in /Users/ashmodi/Documents/workspace/restful-booker-platform)
2021-05-03 13:15:29.515  INFO 3385 --- [           main] c.a.api.ReportApplication                : The following profiles are active: dev
2021-05-03 13:15:35.631  INFO 3385 --- [           main] o.s.b.w.embedded.tomcat.TomcatWebServer  : Tomcat initialized with port(s): 3005 (http)
2021-05-03 13:15:35.679  INFO 3385 --- [           main] o.apache.catalina.core.StandardService   : Starting service [Tomcat]
2021-05-03 13:15:35.679  INFO 3385 --- [           main] org.apache.catalina.core.StandardEngine  : Starting Servlet engine: [Apache Tomcat/9.0.45]
2021-05-03 13:15:35.879  INFO 3385 --- [           main] o.a.c.c.C.[.[localhost].[/report]        : Initializing Spring embedded WebApplicationContext
2021-05-03 13:15:35.879  INFO 3385 --- [           main] w.s.c.ServletWebServerApplicationContext : Root WebApplicationContext: initialization completed in 6089 ms
2021-05-03 13:15:37.974  INFO 3385 --- [           main] o.s.b.a.e.web.EndpointLinksResolver      : Exposing 2 endpoint(s) beneath base path '/actuator'
2021-05-03 13:15:38.588  INFO 3385 --- [           main] o.s.s.concurrent.ThreadPoolTaskExecutor  : Initializing ExecutorService 'applicationTaskExecutor'
2021-05-03 13:15:39.458  INFO 3385 --- [           main] o.s.b.w.embedded.tomcat.TomcatWebServer  : Tomcat started on port(s): 3005 (http) with context path '/report'
2021-05-03 13:15:40.285  INFO 3385 --- [           main] c.a.api.ReportApplication                : Started ReportApplication in 12.586 seconds (JVM running for 13.839)
2021-05-03 13:15:41.575  INFO 3385 --- [nio-3005-exec-1] o.a.c.c.C.[.[localhost].[/report]        : Initializing Spring DispatcherServlet 'dispatcherServlet'
2021-05-03 13:15:41.575  INFO 3385 --- [nio-3005-exec-1] o.s.web.servlet.DispatcherServlet        : Initializing Servlet 'dispatcherServlet'
2021-05-03 13:15:41.577  INFO 3385 --- [nio-3005-exec-1] o.s.web.servlet.DispatcherServlet        : Completed initialization in 2 ms
05-03 13:15:41.575  INFO 3385 --- [http-nio-3005-exec-1] o.s.web.servlet.DispatcherServlet        : Initializing Servlet 'dispatcherServlet'
2021-05-03 13:15:41.577  INFO 3385 --- [http-nio-3005-exec-1] o.s.web.servlet.DispatcherServlet        : Completed initialization in 2 ms
