
  .   ____          _            __ _ _
 /\\ / ___'_ __ _ _(_)_ __  __ _ \ \ \ \
( ( )\___ | '_ | '_| | '_ \/ _` | \ \ \ \
 \\/  ___)| |_)| | | | | || (_| |  ) ) ) )
  '  |____| .__|_| |_|_| |_\__, | / / / /
 =========|_|==============|___/=/_/_/_/
 :: Spring Boot ::                (v2.4.5)

2021-05-03 13:15:30.271  INFO 3384 --- [           main] c.a.api.RoomApplication                  : Starting RoomApplication using Java 15.0.1 on 192.168.1.104 with PID 3384 (/Users/ashmodi/Documents/workspace/restful-booker-platform/room/target/restful-booker-platform-room-1.3.SNAPSHOT-exec.jar started by ashmodi in /Users/ashmodi/Documents/workspace/restful-booker-platform)
2021-05-03 13:15:30.294  INFO 3384 --- [           main] c.a.api.RoomApplication                  : The following profiles are active: dev
2021-05-03 13:15:35.513  INFO 3384 --- [           main] .s.d.r.c.RepositoryConfigurationDelegate : Bootstrapping Spring Data JPA repositories in DEFAULT mode.
2021-05-03 13:15:35.538  INFO 3384 --- [           main] .s.d.r.c.RepositoryConfigurationDelegate : Finished Spring Data repository scanning in 10 ms. Found 0 JPA repository interfaces.
2021-05-03 13:15:37.979  INFO 3384 --- [           main] o.s.b.w.embedded.tomcat.TomcatWebServer  : Tomcat initialized with port(s): 3001 (http)
2021-05-03 13:15:38.029  INFO 3384 --- [           main] o.apache.catalina.core.StandardService   : Starting service [Tomcat]
2021-05-03 13:15:38.029  INFO 3384 --- [           main] org.apache.catalina.core.StandardEngine  : Starting Servlet engine: [Apache Tomcat/9.0.45]
2021-05-03 13:15:38.295  INFO 3384 --- [           main] o.a.c.c.C.[Tomcat].[localhost].[/room]   : Initializing Spring embedded WebApplicationContext
2021-05-03 13:15:38.295  INFO 3384 --- [           main] w.s.c.ServletWebServerApplicationContext : Root WebApplicationContext: initialization completed in 7683 ms
2021-05-03 13:15:38.873  INFO 3384 --- [           main] com.zaxxer.hikari.HikariDataSource       : HikariPool-1 - Starting...
2021-05-03 13:15:39.806  INFO 3384 --- [           main] com.zaxxer.hikari.HikariDataSource       : HikariPool-1 - Start completed.
2021-05-03 13:15:39.825  INFO 3384 --- [           main] o.s.b.a.h2.H2ConsoleAutoConfiguration    : H2 console available at '/h2'. Database available at 'jdbc:h2:mem:rbp'
2021-05-03 13:15:40.501  INFO 3384 --- [           main] o.hibernate.jpa.internal.util.LogHelper  : HHH000204: Processing PersistenceUnitInfo [name: default]
2021-05-03 13:15:40.684  INFO 3384 --- [           main] org.hibernate.Version                    : HHH000412: Hibernate ORM core version 5.4.30.Final
2021-05-03 13:15:41.142  INFO 3384 --- [           main] o.hibernate.annotations.common.Version   : HCANN000001: Hibernate Commons Annotations {5.1.2.Final}
2021-05-03 13:15:41.496  INFO 3384 --- [           main] org.hibernate.dialect.Dialect            : HHH000400: Using dialect: org.hibernate.dialect.H2Dialect
2021-05-03 13:15:42.337  INFO 3384 --- [           main] o.h.e.t.j.p.i.JtaPlatformInitiator       : HHH000490: Using JtaPlatform implementation: [org.hibernate.engine.transaction.jta.platform.internal.NoJtaPlatform]
2021-05-03 13:15:42.358  INFO 3384 --- [           main] j.LocalContainerEntityManagerFactoryBean : Initialized JPA EntityManagerFactory for persistence unit 'default'
2021-05-03 13:15:42.444  INFO 3384 --- [           main] com.automationintesting.db.RoomDB        : DB server mode disabled
2021-05-03 13:15:43.197  WARN 3384 --- [           main] JpaBaseConfiguration$JpaWebConfiguration : spring.jpa.open-in-view is enabled by default. Therefore, database queries may be performed during view rendering. Explicitly configure spring.jpa.open-in-view to disable this warning
2021-05-03 13:15:43.692  INFO 3384 --- [           main] o.s.b.a.e.web.EndpointLinksResolver      : Exposing 2 endpoint(s) beneath base path '/actuator'
2021-05-03 13:15:44.323  INFO 3384 --- [           main] o.s.s.concurrent.ThreadPoolTaskExecutor  : Initializing ExecutorService 'applicationTaskExecutor'
2021-05-03 13:15:45.086  INFO 3384 --- [           main] o.s.b.w.embedded.tomcat.TomcatWebServer  : Tomcat started on port(s): 3001 (http) with context path '/room'
2021-05-03 13:15:45.794  INFO 3384 --- [           main] c.a.api.RoomApplication                  : Started RoomApplication in 17.814 seconds (JVM running for 19.347)
2021-05-03 13:15:45.875  INFO 3384 --- [           main] c.a.service.DatabaseScheduler            : No env var was set for DB refresh (or set as 0) so not running DB reset
2021-05-03 13:15:46.570  INFO 3384 --- [nio-3001-exec-1] o.a.c.c.C.[Tomcat].[localhost].[/room]   : Initializing Spring DispatcherServlet 'dispatcherServlet'
2021-05-03 13:15:46.570  INFO 3384 --- [nio-3001-exec-1] o.s.web.servlet.DispatcherServlet        : Initializing Servlet 'dispatcherServlet'
2021-05-03 13:15:46.573  INFO 3384 --- [nio-3001-exec-1] o.s.web.servlet.DispatcherServlet        : Completed initialization in 3 ms
01-exec-1] o.s.web.servlet.DispatcherServlet        : Initializing Servlet 'dispatcherServlet'
2021-05-03 13:15:46.573  INFO 3384 --- [http-nio-3001-exec-1] o.s.web.servlet.DispatcherServlet        : Completed initialization in 3 ms
