
  .   ____          _            __ _ _
 /\\ / ___'_ __ _ _(_)_ __  __ _ \ \ \ \
( ( )\___ | '_ | '_| | '_ \/ _` | \ \ \ \
 \\/  ___)| |_)| | | | | || (_| |  ) ) ) )
  '  |____| .__|_| |_|_| |_\__, | / / / /
 =========|_|==============|___/=/_/_/_/
 :: Spring Boot ::                (v2.4.5)

2021-05-03 13:15:29.606  INFO 3388 --- [           main] com.automationintesting.UiApplication    : Starting UiApplication using Java 15.0.1 on 192.168.1.104 with PID 3388 (/Users/ashmodi/Documents/workspace/restful-booker-platform/assets/api/target/restful-booker-platform-assets-1.3.SNAPSHOT-exec.jar started by ashmodi in /Users/ashmodi/Documents/workspace/restful-booker-platform)
2021-05-03 13:15:29.648  INFO 3388 --- [           main] com.automationintesting.UiApplication    : The following profiles are active: dev
2021-05-03 13:15:34.301  INFO 3388 --- [           main] o.s.b.w.embedded.tomcat.TomcatWebServer  : Tomcat initialized with port(s): 3003 (http)
2021-05-03 13:15:34.388  INFO 3388 --- [           main] o.apache.catalina.core.StandardService   : Starting service [Tomcat]
2021-05-03 13:15:34.389  INFO 3388 --- [           main] org.apache.catalina.core.StandardEngine  : Starting Servlet engine: [Apache Tomcat/9.0.45]
2021-05-03 13:15:34.626  INFO 3388 --- [           main] o.a.c.c.C.[Tomcat].[localhost].[/]       : Initializing Spring embedded WebApplicationContext
2021-05-03 13:15:34.628  INFO 3388 --- [           main] w.s.c.ServletWebServerApplicationContext : Root WebApplicationContext: initialization completed in 4755 ms
2021-05-03 13:15:35.871  INFO 3388 --- [           main] o.s.s.concurrent.ThreadPoolTaskExecutor  : Initializing ExecutorService 'applicationTaskExecutor'
2021-05-03 13:15:36.097  INFO 3388 --- [           main] o.s.b.a.w.s.WelcomePageHandlerMapping    : Adding welcome page: class path resource [public/index.html]
2021-05-03 13:15:36.810  INFO 3388 --- [           main] o.s.b.a.e.web.EndpointLinksResolver      : Exposing 2 endpoint(s) beneath base path '/actuator'
2021-05-03 13:15:37.019  INFO 3388 --- [           main] o.s.b.w.embedded.tomcat.TomcatWebServer  : Tomcat started on port(s): 3003 (http) with context path ''
2021-05-03 13:15:37.097  INFO 3388 --- [           main] com.automationintesting.UiApplication    : Started UiApplication in 9.362 seconds (JVM running for 10.65)
2021-05-03 13:15:41.578  INFO 3388 --- [nio-3003-exec-1] o.a.c.c.C.[Tomcat].[localhost].[/]       : Initializing Spring DispatcherServlet 'dispatcherServlet'
2021-05-03 13:15:41.578  INFO 3388 --- [nio-3003-exec-1] o.s.web.servlet.DispatcherServlet        : Initializing Servlet 'dispatcherServlet'
2021-05-03 13:15:41.581  INFO 3388 --- [nio-3003-exec-1] o.s.web.servlet.DispatcherServlet        : Completed initialization in 2 ms
:41.578  INFO 3388 --- [http-nio-3003-exec-1] o.s.web.servlet.DispatcherServlet        : Initializing Servlet 'dispatcherServlet'
2021-05-03 13:15:41.581  INFO 3388 --- [http-nio-3003-exec-1] o.s.web.servlet.DispatcherServlet        : Completed initialization in 2 ms
