2021-05-03 13:14:31.450  INFO 3134 --- [main] c.a.integration.RoomValidationIT         : Starting RoomValidationIT using Java 15.0.1 on 192.168.1.104 with PID 3134 (started by ashmodi in /Users/ashmodi/Documents/workspace/restful-booker-platform/room)
2021-05-03 13:14:31.451  INFO 3134 --- [main] c.a.integration.RoomValidationIT         : The following profiles are active: dev
2021-05-03 13:14:32.587  INFO 3134 --- [main] .s.d.r.c.RepositoryConfigurationDelegate : Bootstrapping Spring Data JPA repositories in DEFAULT mode.
2021-05-03 13:14:32.598  INFO 3134 --- [main] .s.d.r.c.RepositoryConfigurationDelegate : Finished Spring Data repository scanning in 4 ms. Found 0 JPA repository interfaces.
2021-05-03 13:14:33.263  INFO 3134 --- [main] o.s.b.w.embedded.tomcat.TomcatWebServer  : Tomcat initialized with port(s): 3001 (http)
2021-05-03 13:14:33.276  INFO 3134 --- [main] o.apache.catalina.core.StandardService   : Starting service [Tomcat]
2021-05-03 13:14:33.276  INFO 3134 --- [main] org.apache.catalina.core.StandardEngine  : Starting Servlet engine: [Apache Tomcat/9.0.45]
2021-05-03 13:14:33.383  INFO 3134 --- [main] o.a.c.c.C.[Tomcat].[localhost].[/room]   : Initializing Spring embedded WebApplicationContext
2021-05-03 13:14:33.383  INFO 3134 --- [main] w.s.c.ServletWebServerApplicationContext : Root WebApplicationContext: initialization completed in 1741 ms
2021-05-03 13:14:33.605  INFO 3134 --- [main] com.zaxxer.hikari.HikariDataSource       : HikariPool-1 - Starting...
2021-05-03 13:14:33.759  INFO 3134 --- [main] com.zaxxer.hikari.HikariDataSource       : HikariPool-1 - Start completed.
2021-05-03 13:14:33.766  INFO 3134 --- [main] o.s.b.a.h2.H2ConsoleAutoConfiguration    : H2 console available at '/h2'. Database available at 'jdbc:h2:mem:rbp'
2021-05-03 13:14:33.993  INFO 3134 --- [main] o.hibernate.jpa.internal.util.LogHelper  : HHH000204: Processing PersistenceUnitInfo [name: default]
2021-05-03 13:14:34.035  INFO 3134 --- [main] org.hibernate.Version                    : HHH000412: Hibernate ORM core version 5.4.30.Final
2021-05-03 13:14:34.142  INFO 3134 --- [main] o.hibernate.annotations.common.Version   : HCANN000001: Hibernate Commons Annotations {5.1.2.Final}
2021-05-03 13:14:34.243  INFO 3134 --- [main] org.hibernate.dialect.Dialect            : HHH000400: Using dialect: org.hibernate.dialect.H2Dialect
2021-05-03 13:14:34.436  INFO 3134 --- [main] o.h.e.t.j.p.i.JtaPlatformInitiator       : HHH000490: Using JtaPlatform implementation: [org.hibernate.engine.transaction.jta.platform.internal.NoJtaPlatform]
2021-05-03 13:14:34.443  INFO 3134 --- [main] j.LocalContainerEntityManagerFactoryBean : Initialized JPA EntityManagerFactory for persistence unit 'default'
2021-05-03 13:14:34.471  INFO 3134 --- [main] com.automationintesting.db.RoomDB        : DB server mode disabled
2021-05-03 13:14:34.757  WARN 3134 --- [main] JpaBaseConfiguration$JpaWebConfiguration : spring.jpa.open-in-view is enabled by default. Therefore, database queries may be performed during view rendering. Explicitly configure spring.jpa.open-in-view to disable this warning
2021-05-03 13:14:34.989  INFO 3134 --- [main] o.s.b.a.e.web.EndpointLinksResolver      : Exposing 2 endpoint(s) beneath base path '/actuator'
2021-05-03 13:14:35.302  INFO 3134 --- [main] o.s.s.concurrent.ThreadPoolTaskExecutor  : Initializing ExecutorService 'applicationTaskExecutor'
2021-05-03 13:14:35.869  INFO 3134 --- [main] o.s.b.w.embedded.tomcat.TomcatWebServer  : Tomcat started on port(s): 3001 (http) with context path '/room'
2021-05-03 13:14:36.138  INFO 3134 --- [main] c.a.integration.RoomValidationIT         : Started RoomValidationIT in 4.933 seconds (JVM running for 5.649)
2021-05-03 13:14:36.177  INFO 3134 --- [main] c.a.service.DatabaseScheduler            : No env var was set for DB refresh (or set as 0) so not running DB reset
2021-05-03 13:14:37.223  INFO 3134 --- [http-nio-3001-exec-1] o.a.c.c.C.[Tomcat].[localhost].[/room]   : Initializing Spring DispatcherServlet 'dispatcherServlet'
2021-05-03 13:14:37.224  INFO 3134 --- [http-nio-3001-exec-1] o.s.web.servlet.DispatcherServlet        : Initializing Servlet 'dispatcherServlet'
2021-05-03 13:14:37.226  INFO 3134 --- [http-nio-3001-exec-1] o.s.web.servlet.DispatcherServlet        : Completed initialization in 2 ms
2021-05-03 13:14:37.511  INFO 3134 --- [SpringContextShutdownHook] o.s.s.concurrent.ThreadPoolTaskExecutor  : Shutting down ExecutorService 'applicationTaskExecutor'
2021-05-03 13:14:37.515  INFO 3134 --- [SpringContextShutdownHook] j.LocalContainerEntityManagerFactoryBean : Closing JPA EntityManagerFactory for persistence unit 'default'
2021-05-03 13:14:37.515  INFO 3134 --- [SpringContextShutdownHook] .SchemaDropperImpl$DelayedDropActionImpl : HHH000477: Starting delayed evictData of schema as part of SessionFactory shut-down'
2021-05-03 13:14:37.518  INFO 3134 --- [SpringContextShutdownHook] com.zaxxer.hikari.HikariDataSource       : HikariPool-1 - Shutdown initiated...
2021-05-03 13:14:37.521  INFO 3134 --- [SpringContextShutdownHook] com.zaxxer.hikari.HikariDataSource       : HikariPool-1 - Shutdown completed.
